<?xml version="1.0" encoding="UTF-8"?>
<!-- Generated by org.testng.reporters.JUnitReportReporter -->
<testsuite hostname="DESKTOP-KHS7TGV" failures="0" tests="1" name="com.scripts.TestOrang" time="30.045" errors="0" timestamp="15 Jun 2020 07:17:24 GMT" skipped="0">
  <testcase classname="com.scripts.TestOrang" name="loginOr" time="30.045"/>
</testsuite> <!-- com.scripts.TestOrang -->
